--------------------------------------------------
cassandra cluster name      : ORAMAD_Cluster
Apache Cassandra version    : 3.11.11
backup executed on          : medusa_lite.OracleByExample.com
backup tag                  : snapshot_20230419-222201
script execution started at : 19-Apr-2023 10:22:01 PM
--------------------------------------------------
CLEAR OLD SNAPSHOTs :
10:22:03 PM : starting  nodetool clearsnapshot command, if snapshot already exists with same tag
10:22:04 PM : completed nodetool clearsnapshot command
-------------------------
CQL SCRIPTs :
10:22:05 PM : generated cql script for full schema and saved to /apps/opt/cassandra/cassandra_backups/ORAMAD_Cluster/medusa_lite/snapshot_20230419-222201/00_cql_scripts/00_FULL_schema.cql
10:22:05 PM : generated cql script for CREATE KEYSPACEs and saved to /apps/opt/cassandra/cassandra_backups/ORAMAD_Cluster/medusa_lite/snapshot_20230419-222201/00_cql_scripts/01_CREATE_KEYSPACEs.cql
10:22:06 PM : KEYSPACES FOUND : system_auth sales sales_analytics system system_traces system_schema system_distributed
Total User Keyspaces : 2
10:22:19 PM : generated cql scripts for each keyspace and saved them to /apps/opt/cassandra/cassandra_backups/ORAMAD_Cluster/medusa_lite/snapshot_20230419-222201/00_cql_scripts/<KEYSPACE_NAME>_schema.cql
-------------------------
CREATE SNAPSHOTS :
10:22:19 PM : starting  nodetool snapshot command
10:22:21 PM : completed nodetool snapshot command
10:22:22 PM : nodetool snapshot summary was saved to /apps/opt/cassandra/cassandra_backups/ORAMAD_Cluster/medusa_lite/snapshot_20230419-222201/01_snapshot_summary.txt
10:22:22 PM : move snapshots script was saved to /apps/opt/cassandra/cassandra_backups/ORAMAD_Cluster/medusa_lite/snapshot_20230419-222201/04_move_snapshots.sh
-------------------------
MOVE SNAPSHOTS TO BACKUP FOLDERS :
10:22:23 PM : created final folders to store backups
10:22:23 PM : starting  move snapshots to backup folder
10:22:23 PM : completed move snapshots to backup folder
Backup Folder : /apps/opt/cassandra/cassandra_backups/ORAMAD_Cluster/medusa_lite/snapshot_20230419-222201
Backup Size : 7.9G
--------------------------------------------------
backup started  at : 19-Apr-2023 10:22:01 PM
backup ended    at : 19-Apr-2023 10:22:23 PM
--------------------------------------------------
